<?xml version="1.0" encoding="UTF-8"?>
<!-- Generated by org.testng.reporters.JUnitXMLReporter -->
<testsuite hostname="rchennub-lap1" ignored="0" name="Default test" tests="4" failures="0" timestamp="04 May 2018 01:54:51 GMT" time="42.981" errors="0">
  <testcase name="peopleSearchTest" time="3.533" classname="com.lnkd.qa.testcases.PeopleSearchDDT"/>
  <testcase name="peopleSearchTest" time="3.653" classname="com.lnkd.qa.testcases.PeopleSearchDDT"/>
  <testcase name="peopleSearchTest" time="3.509" classname="com.lnkd.qa.testcases.PeopleSearchDDT"/>
  <testcase name="peopleSearchTest" time="3.406" classname="com.lnkd.qa.testcases.PeopleSearchDDT"/>
</testsuite> <!-- Default test -->
