<?xml version="1.0" encoding="UTF-8"?>
<!-- Generated by org.testng.reporters.JUnitXMLReporter -->
<testsuite hostname="rchennub-lap1" ignored="0" name="Test" tests="7" failures="0" timestamp="05 May 2018 01:55:24 GMT" time="48.512" errors="0">
  <testcase name="peopleSearchTest" time="3.613" classname="com.lnkd.qa.testcases.PeopleSearchDDT"/>
  <testcase name="peopleSearchTest" time="3.433" classname="com.lnkd.qa.testcases.PeopleSearchDDT"/>
  <testcase name="peopleSearchTest" time="3.445" classname="com.lnkd.qa.testcases.PeopleSearchDDT"/>
  <testcase name="peopleSearchTest" time="3.459" classname="com.lnkd.qa.testcases.PeopleSearchDDT"/>
  <testcase name="verifyLogo" time="0.056" classname="com.lnkd.qa.testcases.LinkedinHomeTest"/>
  <testcase name="verifyHomePageTitle" time="0.005" classname="com.lnkd.qa.testcases.LinkedinHomeTest"/>
  <testcase name="loginTest" time="7.887" classname="com.lnkd.qa.testcases.LinkedinHomeTest"/>
</testsuite> <!-- Test -->
